<?xml version="1.0" encoding="UTF-8"?>
<!-- Generated by org.testng.reporters.JUnitReportReporter -->
<testsuite hostname="ZL-IDC-LT-282" name="com.qa.tests.LoginTest" tests="3" failures="0" timestamp="25 Nov 2020 08:31:03 GMT" time="0.035" errors="0">
  <testcase name="checkTest1" time="0.004" classname="com.qa.tests.LoginTest"/>
  <testcase name="loginTest" time="0.004" classname="com.qa.tests.LoginTest"/>
  <testcase name="checkTest" time="0.027" classname="com.qa.tests.LoginTest"/>
</testsuite> <!-- com.qa.tests.LoginTest -->
